<?xml version="1.0" encoding="UTF-8"?>
<!-- Generated by org.testng.reporters.JUnitReportReporter -->
<testsuite hostname="TYSS-Yogita" failures="0" tests="3" name="testngBasics.LearningTestAnnotation" time="0.005" errors="0" timestamp="2023-08-05T13:13:17 IST" skipped="0">
  <testcase classname="testngBasics.LearningTestAnnotation" name="testCase2" time="0.001"/>
  <system-out/>
  <testcase classname="testngBasics.LearningTestAnnotation" name="aftertest" time="0.003"/>
  <system-out/>
  <testcase classname="testngBasics.LearningTestAnnotation" name="systemTest" time="0.001"/>
  <system-out/>
</testsuite> <!-- testngBasics.LearningTestAnnotation -->
