<?xml version="1.0" encoding="UTF-8"?>
<!-- Generated by org.testng.reporters.JUnitReportReporter -->
<testsuite hostname="TYSS-Yogita" failures="0" tests="3" name="testngBasics.LearningGroupExecution" time="0.008" errors="0" timestamp="2023-08-03T11:06:39 IST" skipped="0">
  <testcase classname="testngBasics.LearningGroupExecution" name="addToCartTest" time="0.005"/>
  <system-out/>
  <testcase classname="testngBasics.LearningGroupExecution" name="registerTest" time="0.001"/>
  <system-out/>
  <testcase classname="testngBasics.LearningGroupExecution" name="addToWishListTest" time="0.002"/>
  <system-out/>
</testsuite> <!-- testngBasics.LearningGroupExecution -->
