<?xml version="1.0" encoding="UTF-8"?>
<!-- Generated by org.testng.reporters.JUnitReportReporter -->
<testsuite hostname="TYSS-Yogita" failures="0" tests="1" name="testngBasics.LearningConfigurationAnnotations" time="0.004" errors="0" timestamp="2023-08-02T17:12:47 IST" skipped="0">
  <testcase classname="testngBasics.LearningConfigurationAnnotations" name="testAnnotation" time="0.004"/>
  <system-out/>
</testsuite> <!-- testngBasics.LearningConfigurationAnnotations -->
