<?xml version="1.0" encoding="UTF-8"?>
<!-- Generated by org.testng.reporters.JUnitReportReporter -->
<testsuite hostname="TYSS-Yogita" failures="0" tests="4" name="testngBasics.LearningParallelExecution" time="28.730" errors="0" timestamp="2023-08-03T15:10:36 IST" skipped="0">
  <testcase classname="testngBasics.LearningParallelExecution" name="loginTestCase" time="7.108"/>
  <system-out/>
  <testcase classname="testngBasics.LearningParallelExecution" name="loginTestCase" time="9.119"/>
  <system-out/>
  <testcase classname="testngBasics.LearningParallelExecution" name="loginTestCase" time="5.395"/>
  <system-out/>
  <testcase classname="testngBasics.LearningParallelExecution" name="loginTestCase" time="7.108"/>
  <system-out/>
</testsuite> <!-- testngBasics.LearningParallelExecution -->
