<?xml version="1.0" encoding="UTF-8"?>
<!-- Generated by org.testng.reporters.JUnitReportReporter -->
<testsuite hostname="TYSS-Yogita" failures="0" tests="3" name="testngBasics.LearningDataDrivenTesting" time="77.833" errors="0" timestamp="2023-08-05T12:20:58 IST" skipped="0">
  <testcase classname="testngBasics.LearningDataDrivenTesting" name="loginTest" time="7.409"/>
  <system-out/>
  <testcase classname="testngBasics.LearningDataDrivenTesting" name="loginTest" time="35.325"/>
  <system-out/>
  <testcase classname="testngBasics.LearningDataDrivenTesting" name="loginTest" time="35.099"/>
  <system-out/>
</testsuite> <!-- testngBasics.LearningDataDrivenTesting -->
