<?xml version="1.0" encoding="UTF-8"?>
<!-- Generated by org.testng.reporters.JUnitReportReporter -->
<testsuite hostname="TYSS-Yogita" failures="0" tests="3" name="testngBasics.LearningGroupExecutionCon" time="0.010" errors="0" timestamp="2023-08-03T10:48:06 IST" skipped="0">
  <testcase classname="testngBasics.LearningGroupExecutionCon" name="productCheckoutTest" time="0.001"/>
  <system-out/>
  <testcase classname="testngBasics.LearningGroupExecutionCon" name="searchProduct" time="0.000"/>
  <system-out/>
  <testcase classname="testngBasics.LearningGroupExecutionCon" name="logoutTest" time="0.009"/>
  <system-out/>
</testsuite> <!-- testngBasics.LearningGroupExecutionCon -->
