<?xml version="1.0" encoding="UTF-8"?>
<!-- Generated by org.testng.reporters.JUnitReportReporter -->
<testsuite hostname="TYSS-Yogita" failures="0" tests="2" name="testngBasics.LearningDataProvider" time="0.007" errors="0" timestamp="2023-08-03T15:44:19 IST" skipped="0">
  <testcase classname="testngBasics.LearningDataProvider" name="loginTest" time="0.000"/>
  <system-out/>
  <testcase classname="testngBasics.LearningDataProvider" name="loginTest" time="0.007"/>
  <system-out/>
</testsuite> <!-- testngBasics.LearningDataProvider -->
