<?xml version="1.0" encoding="UTF-8"?>
<!-- Generated by org.testng.reporters.JUnitReportReporter -->
<testsuite hostname="TYSS-Yogita" failures="0" tests="4" name="testngBasics.LearningPrioritising" time="0.008" errors="0" timestamp="2023-08-03T11:58:11 IST" skipped="0">
  <testcase classname="testngBasics.LearningPrioritising" name="addToCartTest" time="0.006"/>
  <system-out/>
  <testcase classname="testngBasics.LearningPrioritising" name="addToWishListTest" time="0.000"/>
  <system-out/>
  <testcase classname="testngBasics.LearningPrioritising" name="registerTest" time="0.001"/>
  <system-out/>
  <testcase classname="testngBasics.LearningPrioritising" name="loginTest" time="0.001"/>
  <system-out/>
</testsuite> <!-- testngBasics.LearningPrioritising -->
